<?xml version="1.0" encoding="UTF-8"?>
<!-- Generated by org.testng.reporters.JUnitXMLReporter -->
<testsuite hostname="YECOLNEA186" ignored="11" name="TestTestngDemo" tests="1" failures="1" timestamp="07 Mar 2018 07:06:27 GMT" time="7.011" errors="0">
  <testcase name="Test_postAReviewLlik" time="0.064" classname="cnpp.SanityCheck.test.Severity_sanity_check">
    <failure type="java.lang.NullPointerException">
      <![CDATA[java.lang.NullPointerException
at org.openqa.selenium.support.pagefactory.internal.LocatingElementHandler.invoke(LocatingElementHandler.java:51)
at com.sun.proxy.$Proxy10.sendKeys(Unknown Source)
at cnpp.PageObjects.HomePageObject.input_search_input(HomePageObject.java:63)
at cnpp.SanityCheck.test.Severity_sanity_check.Test_postAReviewLlik(Severity_sanity_check.java:261)
... Removed 29 stack frames]]>
    </failure>
  </testcase> <!-- Test_postAReviewLlik -->
  <testcase name="Test_logout" time="0.0" classname="cnpp.SanityCheck.test.Severity_sanity_check">
    <ignored/>
  </testcase> <!-- Test_logout -->
  <testcase name="Test_homedelivery" time="0.0" classname="cnpp.SanityCheck.test.Severity_sanity_check">
    <ignored/>
  </testcase> <!-- Test_homedelivery -->
  <testcase name="Test_unionpay" time="0.0" classname="cnpp.SanityCheck.test.Severity_sanity_check">
    <ignored/>
  </testcase> <!-- Test_unionpay -->
  <testcase name="Test_login" time="0.0" classname="cnpp.SanityCheck.test.Severity_sanity_check">
    <ignored/>
  </testcase> <!-- Test_login -->
  <testcase name="Test_pickUpInStore" time="0.0" classname="cnpp.SanityCheck.test.Severity_sanity_check">
    <ignored/>
  </testcase> <!-- Test_pickUpInStore -->
  <testcase name="Test_addProductToCart" time="0.0" classname="cnpp.SanityCheck.test.Severity_sanity_check">
    <ignored/>
  </testcase> <!-- Test_addProductToCart -->
  <testcase name="Test_createAccount" time="0.0" classname="cnpp.SanityCheck.test.Severity_sanity_check">
    <ignored/>
  </testcase> <!-- Test_createAccount -->
  <testcase name="Test_loginRestartBrowserAndLoginAgain" time="0.0" classname="cnpp.SanityCheck.test.Severity_sanity_check">
    <ignored/>
  </testcase> <!-- Test_loginRestartBrowserAndLoginAgain -->
  <testcase name="Test_notLoginItConnects" time="0.0" classname="cnpp.SanityCheck.test.Severity_sanity_check">
    <ignored/>
  </testcase> <!-- Test_notLoginItConnects -->
  <testcase name="Test_searchHintsPopupResults" time="0.0" classname="cnpp.SanityCheck.test.Severity_sanity_check">
    <ignored/>
  </testcase> <!-- Test_searchHintsPopupResults -->
  <testcase name="Test_changePageLanguage" time="0.0" classname="cnpp.SanityCheck.test.Severity_sanity_check">
    <ignored/>
  </testcase> <!-- Test_changePageLanguage -->
</testsuite> <!-- TestTestngDemo -->
