<?xml version="1.0" encoding="UTF-8"?>
<testng-results skipped="0" failed="1" ignored="11" total="12" passed="0">
  <reporter-output>
    <line>
      <![CDATA[--> Open CNPP]]>
    </line>
  </reporter-output>
  <suite name="Cube_cnpp_NRT" duration-ms="7011" started-at="2018-03-07T07:06:20Z" finished-at="2018-03-07T07:06:27Z">
    <groups>
    </groups>
    <test name="TestTestngDemo" duration-ms="7011" started-at="2018-03-07T07:06:20Z" finished-at="2018-03-07T07:06:27Z">
      <class name="cnpp.SanityCheck.test.Severity_sanity_check">
        <test-method status="PASS" signature="initDriver()[pri:0, instance:cnpp.SanityCheck.test.Severity_sanity_check@731a74c]" name="initDriver" is-config="true" duration-ms="6499" started-at="2018-03-07T07:06:20Z" finished-at="2018-03-07T07:06:27Z">
          <reporter-output>
            <line>
              <![CDATA[--> Open CNPP]]>
            </line>
          </reporter-output>
        </test-method> <!-- initDriver -->
        <test-method status="FAIL" signature="Test_postAReviewLlik()[pri:0, instance:cnpp.SanityCheck.test.Severity_sanity_check@731a74c]" name="Test_postAReviewLlik" duration-ms="64" started-at="2018-03-07T07:06:27Z" finished-at="2018-03-07T07:06:27Z">
          <exception class="java.lang.NullPointerException">
            <full-stacktrace>
              <![CDATA[java.lang.NullPointerException
at sun.reflect.NativeMethodAccessorImpl.invoke0(Native Method)
at sun.reflect.NativeMethodAccessorImpl.invoke(Unknown Source)
at sun.reflect.DelegatingMethodAccessorImpl.invoke(Unknown Source)
at java.lang.reflect.Method.invoke(Unknown Source)
at org.openqa.selenium.support.pagefactory.internal.LocatingElementHandler.invoke(LocatingElementHandler.java:51)
at com.sun.proxy.$Proxy10.sendKeys(Unknown Source)
at cnpp.PageObjects.HomePageObject.input_search_input(HomePageObject.java:63)
at cnpp.SanityCheck.test.Severity_sanity_check.Test_postAReviewLlik(Severity_sanity_check.java:261)
at sun.reflect.NativeMethodAccessorImpl.invoke0(Native Method)
at sun.reflect.NativeMethodAccessorImpl.invoke(Unknown Source)
at sun.reflect.DelegatingMethodAccessorImpl.invoke(Unknown Source)
at java.lang.reflect.Method.invoke(Unknown Source)
at org.testng.internal.MethodInvocationHelper.invokeMethod(MethodInvocationHelper.java:124)
at org.testng.internal.Invoker.invokeMethod(Invoker.java:580)
at org.testng.internal.Invoker.invokeTestMethod(Invoker.java:716)
at org.testng.internal.Invoker.invokeTestMethods(Invoker.java:988)
at org.testng.internal.TestMethodWorker.invokeTestMethods(TestMethodWorker.java:125)
at org.testng.internal.TestMethodWorker.run(TestMethodWorker.java:109)
at org.testng.TestRunner.privateRun(TestRunner.java:648)
at org.testng.TestRunner.run(TestRunner.java:505)
at org.testng.SuiteRunner.runTest(SuiteRunner.java:455)
at org.testng.SuiteRunner.runSequentially(SuiteRunner.java:450)
at org.testng.SuiteRunner.privateRun(SuiteRunner.java:415)
at org.testng.SuiteRunner.run(SuiteRunner.java:364)
at org.testng.SuiteRunnerWorker.runSuite(SuiteRunnerWorker.java:52)
at org.testng.SuiteRunnerWorker.run(SuiteRunnerWorker.java:84)
at org.testng.TestNG.runSuitesSequentially(TestNG.java:1208)
at org.testng.TestNG.runSuitesLocally(TestNG.java:1137)
at org.testng.TestNG.runSuites(TestNG.java:1049)
at org.testng.TestNG.run(TestNG.java:1017)
at org.testng.remote.AbstractRemoteTestNG.run(AbstractRemoteTestNG.java:114)
at org.testng.remote.RemoteTestNG.initAndRun(RemoteTestNG.java:251)
at org.testng.remote.RemoteTestNG.main(RemoteTestNG.java:77)
]]>
            </full-stacktrace>
          </exception> <!-- java.lang.NullPointerException -->
          <reporter-output>
          </reporter-output>
        </test-method> <!-- Test_postAReviewLlik -->
        <test-method status="PASS" signature="quitDriver()[pri:0, instance:cnpp.SanityCheck.test.Severity_sanity_check@731a74c]" name="quitDriver" is-config="true" duration-ms="430" started-at="2018-03-07T07:06:27Z" finished-at="2018-03-07T07:06:27Z">
          <reporter-output>
          </reporter-output>
        </test-method> <!-- quitDriver -->
        <test-method status="PASS" signature="closeService()[pri:0, instance:cnpp.SanityCheck.test.Severity_sanity_check@731a74c]" name="closeService" is-config="true" duration-ms="52" started-at="2018-03-07T07:06:27Z" finished-at="2018-03-07T07:06:27Z">
          <reporter-output>
          </reporter-output>
        </test-method> <!-- closeService -->
      </class> <!-- cnpp.SanityCheck.test.Severity_sanity_check -->
    </test> <!-- TestTestngDemo -->
  </suite> <!-- Cube_cnpp_NRT -->
</testng-results>
